Sun, 06 May 2018 19:46:08 train.py[line:28] INFO Epoch 0/9
Sun, 06 May 2018 19:46:08 train.py[line:29] INFO ----------
Sun, 06 May 2018 19:47:43 train.py[line:28] INFO Epoch 0/9
Sun, 06 May 2018 19:47:43 train.py[line:29] INFO ----------
Sun, 06 May 2018 19:48:08 train.py[line:28] INFO Epoch 0/9
Sun, 06 May 2018 19:48:08 train.py[line:29] INFO ----------
Sun, 06 May 2018 19:49:02 train.py[line:28] INFO Epoch 0/9
Sun, 06 May 2018 19:49:02 train.py[line:29] INFO ----------
Sun, 06 May 2018 19:49:38 train.py[line:28] INFO Epoch 0/9
Sun, 06 May 2018 19:49:38 train.py[line:29] INFO ----------
Sun, 06 May 2018 19:50:28 train.py[line:28] INFO Epoch 0/9
Sun, 06 May 2018 19:50:28 train.py[line:29] INFO ----------
Sun, 06 May 2018 19:50:48 train.py[line:28] INFO Epoch 0/9
Sun, 06 May 2018 19:50:48 train.py[line:29] INFO ----------
Sun, 06 May 2018 19:53:47 train.py[line:28] INFO Epoch 0/9
Sun, 06 May 2018 19:53:47 train.py[line:29] INFO ----------
Sun, 06 May 2018 20:09:47 train.py[line:28] INFO Epoch 0/9
Sun, 06 May 2018 20:09:47 train.py[line:29] INFO ----------
Sun, 06 May 2018 20:10:32 train.py[line:28] INFO Epoch 0/9
Sun, 06 May 2018 20:10:32 train.py[line:29] INFO ----------
Sun, 06 May 2018 20:12:48 train.py[line:28] INFO Epoch 0/9
Sun, 06 May 2018 20:12:48 train.py[line:29] INFO ----------
Sun, 06 May 2018 20:13:25 train.py[line:28] INFO Epoch 0/9
Sun, 06 May 2018 20:13:25 train.py[line:29] INFO ----------
Sun, 06 May 2018 20:14:50 train.py[line:28] INFO Epoch 0/9
Sun, 06 May 2018 20:14:50 train.py[line:29] INFO ----------
Sun, 06 May 2018 20:15:43 train.py[line:28] INFO Epoch 0/9
Sun, 06 May 2018 20:15:43 train.py[line:29] INFO ----------
Sun, 06 May 2018 20:16:15 train.py[line:28] INFO Epoch 0/9
Sun, 06 May 2018 20:16:15 train.py[line:29] INFO ----------
Sun, 06 May 2018 20:17:05 train.py[line:28] INFO Epoch 0/9
Sun, 06 May 2018 20:17:05 train.py[line:29] INFO ----------
Sun, 06 May 2018 21:21:01 train.py[line:28] INFO Epoch 0/9
Sun, 06 May 2018 21:21:01 train.py[line:29] INFO ----------
Sun, 06 May 2018 21:35:32 train.py[line:28] INFO Epoch 0/9
Sun, 06 May 2018 21:35:32 train.py[line:29] INFO ----------
Sun, 06 May 2018 21:37:09 train.py[line:28] INFO Epoch 0/9
Sun, 06 May 2018 21:37:09 train.py[line:29] INFO ----------
Sun, 06 May 2018 21:38:35 train.py[line:28] INFO Epoch 0/9
Sun, 06 May 2018 21:38:35 train.py[line:29] INFO ----------
Sun, 06 May 2018 21:39:10 train.py[line:28] INFO Epoch 0/9
Sun, 06 May 2018 21:39:10 train.py[line:29] INFO ----------
Sun, 06 May 2018 21:39:49 train.py[line:28] INFO Epoch 0/9
Sun, 06 May 2018 21:39:49 train.py[line:29] INFO ----------
Sun, 06 May 2018 21:40:36 train.py[line:28] INFO Epoch 0/9
Sun, 06 May 2018 21:40:36 train.py[line:29] INFO ----------
Sun, 06 May 2018 21:40:54 train.py[line:28] INFO Epoch 0/9
Sun, 06 May 2018 21:40:54 train.py[line:29] INFO ----------
Sun, 06 May 2018 21:44:32 train.py[line:28] INFO Epoch 0/9
Sun, 06 May 2018 21:44:32 train.py[line:29] INFO ----------
Sun, 06 May 2018 23:49:05 train.py[line:28] INFO Epoch 0/9
Sun, 06 May 2018 23:49:05 train.py[line:29] INFO ----------
Sun, 06 May 2018 23:50:32 train.py[line:28] INFO Epoch 0/9
Sun, 06 May 2018 23:50:32 train.py[line:29] INFO ----------
Sun, 06 May 2018 23:52:55 train.py[line:28] INFO Epoch 0/9
Sun, 06 May 2018 23:52:55 train.py[line:29] INFO ----------
Sun, 06 May 2018 23:55:27 train.py[line:28] INFO Epoch 0/9
Sun, 06 May 2018 23:55:27 train.py[line:29] INFO ----------
Mon, 07 May 2018 00:02:21 train.py[line:28] INFO Epoch 0/9
Mon, 07 May 2018 00:02:21 train.py[line:29] INFO ----------
Mon, 07 May 2018 00:03:00 train.py[line:28] INFO Epoch 0/9
Mon, 07 May 2018 00:03:00 train.py[line:29] INFO ----------
Mon, 07 May 2018 00:04:14 train.py[line:28] INFO Epoch 0/9
Mon, 07 May 2018 00:04:14 train.py[line:29] INFO ----------
Mon, 07 May 2018 00:07:17 train.py[line:28] INFO Epoch 0/9
Mon, 07 May 2018 00:07:17 train.py[line:29] INFO ----------
Mon, 07 May 2018 00:09:03 train.py[line:28] INFO Epoch 0/9
Mon, 07 May 2018 00:09:03 train.py[line:29] INFO ----------
Mon, 07 May 2018 03:59:11 train.py[line:28] INFO Epoch 0/9
Mon, 07 May 2018 03:59:11 train.py[line:29] INFO ----------
Mon, 07 May 2018 03:59:59 train.py[line:28] INFO Epoch 0/9
Mon, 07 May 2018 03:59:59 train.py[line:29] INFO ----------
Mon, 07 May 2018 04:03:13 train.py[line:28] INFO Epoch 0/9
Mon, 07 May 2018 04:03:13 train.py[line:29] INFO ----------
Mon, 07 May 2018 04:06:06 train.py[line:28] INFO Epoch 0/9
Mon, 07 May 2018 04:06:06 train.py[line:29] INFO ----------
Tue, 08 May 2018 21:50:50 train.py[line:28] INFO Epoch 0/9
Tue, 08 May 2018 21:50:50 train.py[line:29] INFO ----------
Tue, 08 May 2018 21:51:45 train.py[line:28] INFO Epoch 0/9
Tue, 08 May 2018 21:51:45 train.py[line:29] INFO ----------
Tue, 08 May 2018 21:52:55 train.py[line:28] INFO Epoch 0/9
Tue, 08 May 2018 21:52:55 train.py[line:29] INFO ----------
Tue, 08 May 2018 21:54:21 train.py[line:83] INFO train Loss: 0.0612 Acc: 0.0013
Tue, 08 May 2018 21:54:54 train.py[line:28] INFO Epoch 0/9
Tue, 08 May 2018 21:54:54 train.py[line:29] INFO ----------
Tue, 08 May 2018 21:59:00 train.py[line:28] INFO Epoch 0/9
Tue, 08 May 2018 21:59:00 train.py[line:29] INFO ----------
