Wed, 02 May 2018 20:13:32 train.py[line:29] INFO Epoch 0/29
Wed, 02 May 2018 20:13:32 train.py[line:30] INFO ----------
Wed, 02 May 2018 20:34:04 train.py[line:29] INFO Epoch 0/29
Wed, 02 May 2018 20:34:04 train.py[line:30] INFO ----------
Wed, 02 May 2018 20:34:07 train.py[line:82] INFO train Loss: 0.0029 Acc: 0.0000
Wed, 02 May 2018 20:34:08 train.py[line:82] INFO val Loss: 2.6436 Acc: 0.0000
Wed, 02 May 2018 20:34:08 train.py[line:29] INFO Epoch 1/29
Wed, 02 May 2018 20:34:08 train.py[line:30] INFO ----------
Wed, 02 May 2018 20:34:08 train.py[line:82] INFO train Loss: 0.0000 Acc: 0.0000
Wed, 02 May 2018 20:34:08 train.py[line:82] INFO val Loss: 0.0000 Acc: 0.0000
Wed, 02 May 2018 20:34:08 train.py[line:29] INFO Epoch 2/29
Wed, 02 May 2018 20:34:08 train.py[line:30] INFO ----------
Wed, 02 May 2018 20:34:08 train.py[line:82] INFO train Loss: 0.0000 Acc: 0.0000
Wed, 02 May 2018 20:34:08 train.py[line:82] INFO val Loss: 0.0000 Acc: 0.0000
Wed, 02 May 2018 20:34:08 train.py[line:29] INFO Epoch 3/29
Wed, 02 May 2018 20:34:08 train.py[line:30] INFO ----------
Wed, 02 May 2018 20:34:08 train.py[line:82] INFO train Loss: 0.0000 Acc: 0.0000
Wed, 02 May 2018 20:34:08 train.py[line:82] INFO val Loss: 0.0000 Acc: 0.0000
Wed, 02 May 2018 20:34:08 train.py[line:29] INFO Epoch 4/29
Wed, 02 May 2018 20:34:08 train.py[line:30] INFO ----------
Wed, 02 May 2018 20:34:08 train.py[line:82] INFO train Loss: 0.0000 Acc: 0.0000
Wed, 02 May 2018 20:34:08 train.py[line:82] INFO val Loss: 0.0000 Acc: 0.0000
Wed, 02 May 2018 20:34:08 train.py[line:29] INFO Epoch 5/29
Wed, 02 May 2018 20:34:08 train.py[line:30] INFO ----------
Wed, 02 May 2018 20:34:08 train.py[line:82] INFO train Loss: 0.0000 Acc: 0.0000
Wed, 02 May 2018 20:34:08 train.py[line:82] INFO val Loss: 0.0000 Acc: 0.0000
Wed, 02 May 2018 20:34:08 train.py[line:29] INFO Epoch 6/29
Wed, 02 May 2018 20:34:08 train.py[line:30] INFO ----------
Wed, 02 May 2018 20:34:08 train.py[line:82] INFO train Loss: 0.0000 Acc: 0.0000
Wed, 02 May 2018 20:34:08 train.py[line:82] INFO val Loss: 0.0000 Acc: 0.0000
Wed, 02 May 2018 20:34:08 train.py[line:29] INFO Epoch 7/29
Wed, 02 May 2018 20:34:08 train.py[line:30] INFO ----------
Wed, 02 May 2018 20:34:08 train.py[line:82] INFO train Loss: 0.0000 Acc: 0.0000
Wed, 02 May 2018 20:34:08 train.py[line:82] INFO val Loss: 0.0000 Acc: 0.0000
Wed, 02 May 2018 20:34:08 train.py[line:29] INFO Epoch 8/29
Wed, 02 May 2018 20:34:08 train.py[line:30] INFO ----------
Wed, 02 May 2018 20:34:08 train.py[line:82] INFO train Loss: 0.0000 Acc: 0.0000
Wed, 02 May 2018 20:34:08 train.py[line:82] INFO val Loss: 0.0000 Acc: 0.0000
Wed, 02 May 2018 20:34:08 train.py[line:29] INFO Epoch 9/29
Wed, 02 May 2018 20:34:08 train.py[line:30] INFO ----------
Wed, 02 May 2018 20:34:08 train.py[line:82] INFO train Loss: 0.0000 Acc: 0.0000
Wed, 02 May 2018 20:34:08 train.py[line:82] INFO val Loss: 0.0000 Acc: 0.0000
Wed, 02 May 2018 20:34:08 train.py[line:29] INFO Epoch 10/29
Wed, 02 May 2018 20:34:08 train.py[line:30] INFO ----------
Wed, 02 May 2018 20:34:08 train.py[line:82] INFO train Loss: 0.0000 Acc: 0.0000
Wed, 02 May 2018 20:34:08 train.py[line:82] INFO val Loss: 0.0000 Acc: 0.0000
Wed, 02 May 2018 20:34:08 train.py[line:29] INFO Epoch 11/29
Wed, 02 May 2018 20:34:08 train.py[line:30] INFO ----------
Wed, 02 May 2018 20:34:08 train.py[line:82] INFO train Loss: 0.0000 Acc: 0.0000
Wed, 02 May 2018 20:34:08 train.py[line:82] INFO val Loss: 0.0000 Acc: 0.0000
Wed, 02 May 2018 20:34:08 train.py[line:29] INFO Epoch 12/29
Wed, 02 May 2018 20:34:08 train.py[line:30] INFO ----------
Wed, 02 May 2018 20:34:08 train.py[line:82] INFO train Loss: 0.0000 Acc: 0.0000
Wed, 02 May 2018 20:34:08 train.py[line:82] INFO val Loss: 0.0000 Acc: 0.0000
Wed, 02 May 2018 20:34:08 train.py[line:29] INFO Epoch 13/29
Wed, 02 May 2018 20:34:08 train.py[line:30] INFO ----------
Wed, 02 May 2018 20:34:08 train.py[line:82] INFO train Loss: 0.0000 Acc: 0.0000
Wed, 02 May 2018 20:34:08 train.py[line:82] INFO val Loss: 0.0000 Acc: 0.0000
Wed, 02 May 2018 20:34:08 train.py[line:29] INFO Epoch 14/29
Wed, 02 May 2018 20:34:08 train.py[line:30] INFO ----------
Wed, 02 May 2018 20:34:08 train.py[line:82] INFO train Loss: 0.0000 Acc: 0.0000
Wed, 02 May 2018 20:34:08 train.py[line:82] INFO val Loss: 0.0000 Acc: 0.0000
Wed, 02 May 2018 20:34:08 train.py[line:29] INFO Epoch 15/29
Wed, 02 May 2018 20:34:08 train.py[line:30] INFO ----------
Wed, 02 May 2018 20:34:08 train.py[line:82] INFO train Loss: 0.0000 Acc: 0.0000
Wed, 02 May 2018 20:34:08 train.py[line:82] INFO val Loss: 0.0000 Acc: 0.0000
Wed, 02 May 2018 20:34:08 train.py[line:29] INFO Epoch 16/29
Wed, 02 May 2018 20:34:08 train.py[line:30] INFO ----------
Wed, 02 May 2018 20:34:08 train.py[line:82] INFO train Loss: 0.0000 Acc: 0.0000
Wed, 02 May 2018 20:34:08 train.py[line:82] INFO val Loss: 0.0000 Acc: 0.0000
Wed, 02 May 2018 20:34:08 train.py[line:29] INFO Epoch 17/29
Wed, 02 May 2018 20:34:08 train.py[line:30] INFO ----------
Wed, 02 May 2018 20:34:09 train.py[line:82] INFO train Loss: 0.0000 Acc: 0.0000
Wed, 02 May 2018 20:34:09 train.py[line:82] INFO val Loss: 0.0000 Acc: 0.0000
Wed, 02 May 2018 20:34:09 train.py[line:29] INFO Epoch 18/29
Wed, 02 May 2018 20:34:09 train.py[line:30] INFO ----------
Wed, 02 May 2018 20:34:09 train.py[line:82] INFO train Loss: 0.0000 Acc: 0.0000
Wed, 02 May 2018 20:34:09 train.py[line:82] INFO val Loss: 0.0000 Acc: 0.0000
Wed, 02 May 2018 20:34:09 train.py[line:29] INFO Epoch 19/29
Wed, 02 May 2018 20:34:09 train.py[line:30] INFO ----------
Wed, 02 May 2018 20:34:09 train.py[line:82] INFO train Loss: 0.0000 Acc: 0.0000
Wed, 02 May 2018 20:34:09 train.py[line:82] INFO val Loss: 0.0000 Acc: 0.0000
Wed, 02 May 2018 20:34:09 train.py[line:29] INFO Epoch 20/29
Wed, 02 May 2018 20:34:09 train.py[line:30] INFO ----------
Wed, 02 May 2018 20:34:09 train.py[line:82] INFO train Loss: 0.0000 Acc: 0.0000
Wed, 02 May 2018 20:34:09 train.py[line:82] INFO val Loss: 0.0000 Acc: 0.0000
Wed, 02 May 2018 20:34:09 train.py[line:29] INFO Epoch 21/29
Wed, 02 May 2018 20:34:09 train.py[line:30] INFO ----------
Wed, 02 May 2018 20:34:09 train.py[line:82] INFO train Loss: 0.0000 Acc: 0.0000
Wed, 02 May 2018 20:34:09 train.py[line:82] INFO val Loss: 0.0000 Acc: 0.0000
Wed, 02 May 2018 20:34:09 train.py[line:29] INFO Epoch 22/29
Wed, 02 May 2018 20:34:09 train.py[line:30] INFO ----------
Wed, 02 May 2018 20:34:09 train.py[line:82] INFO train Loss: 0.0000 Acc: 0.0000
Wed, 02 May 2018 20:34:09 train.py[line:82] INFO val Loss: 0.0000 Acc: 0.0000
Wed, 02 May 2018 20:34:09 train.py[line:29] INFO Epoch 23/29
Wed, 02 May 2018 20:34:09 train.py[line:30] INFO ----------
Wed, 02 May 2018 20:34:09 train.py[line:82] INFO train Loss: 0.0000 Acc: 0.0000
Wed, 02 May 2018 20:34:09 train.py[line:82] INFO val Loss: 0.0000 Acc: 0.0000
Wed, 02 May 2018 20:34:09 train.py[line:29] INFO Epoch 24/29
Wed, 02 May 2018 20:34:09 train.py[line:30] INFO ----------
Wed, 02 May 2018 20:34:09 train.py[line:82] INFO train Loss: 0.0000 Acc: 0.0000
Wed, 02 May 2018 20:34:09 train.py[line:82] INFO val Loss: 0.0000 Acc: 0.0000
Wed, 02 May 2018 20:34:09 train.py[line:29] INFO Epoch 25/29
Wed, 02 May 2018 20:34:09 train.py[line:30] INFO ----------
Wed, 02 May 2018 20:34:09 train.py[line:82] INFO train Loss: 0.0000 Acc: 0.0000
Wed, 02 May 2018 20:34:09 train.py[line:82] INFO val Loss: 0.0000 Acc: 0.0000
Wed, 02 May 2018 20:34:09 train.py[line:29] INFO Epoch 26/29
Wed, 02 May 2018 20:34:09 train.py[line:30] INFO ----------
Wed, 02 May 2018 20:34:09 train.py[line:82] INFO train Loss: 0.0000 Acc: 0.0000
Wed, 02 May 2018 20:34:09 train.py[line:82] INFO val Loss: 0.0000 Acc: 0.0000
Wed, 02 May 2018 20:34:09 train.py[line:29] INFO Epoch 27/29
Wed, 02 May 2018 20:34:09 train.py[line:30] INFO ----------
Wed, 02 May 2018 20:34:09 train.py[line:82] INFO train Loss: 0.0000 Acc: 0.0000
Wed, 02 May 2018 20:34:09 train.py[line:82] INFO val Loss: 0.0000 Acc: 0.0000
Wed, 02 May 2018 20:34:09 train.py[line:29] INFO Epoch 28/29
Wed, 02 May 2018 20:34:09 train.py[line:30] INFO ----------
Wed, 02 May 2018 20:34:09 train.py[line:82] INFO train Loss: 0.0000 Acc: 0.0000
Wed, 02 May 2018 20:34:09 train.py[line:82] INFO val Loss: 0.0000 Acc: 0.0000
Wed, 02 May 2018 20:34:09 train.py[line:29] INFO Epoch 29/29
Wed, 02 May 2018 20:34:09 train.py[line:30] INFO ----------
Wed, 02 May 2018 20:34:09 train.py[line:82] INFO train Loss: 0.0000 Acc: 0.0000
Wed, 02 May 2018 20:34:09 train.py[line:82] INFO val Loss: 0.0000 Acc: 0.0000
Wed, 02 May 2018 20:35:48 train.py[line:29] INFO Epoch 0/29
Wed, 02 May 2018 20:35:48 train.py[line:30] INFO ----------
Wed, 02 May 2018 20:35:52 train.py[line:82] INFO train Loss: 0.0036 Acc: 0.0000
Wed, 02 May 2018 20:35:53 train.py[line:82] INFO val Loss: 4.9366 Acc: 0.0000
Wed, 02 May 2018 20:35:53 train.py[line:29] INFO Epoch 1/29
Wed, 02 May 2018 20:35:53 train.py[line:30] INFO ----------
Wed, 02 May 2018 20:35:53 train.py[line:82] INFO train Loss: 0.0000 Acc: 0.0000
Wed, 02 May 2018 20:35:53 train.py[line:82] INFO val Loss: 0.0000 Acc: 0.0000
Wed, 02 May 2018 20:35:53 train.py[line:29] INFO Epoch 2/29
Wed, 02 May 2018 20:35:53 train.py[line:30] INFO ----------
Wed, 02 May 2018 20:35:53 train.py[line:82] INFO train Loss: 0.0000 Acc: 0.0000
Wed, 02 May 2018 20:35:53 train.py[line:82] INFO val Loss: 0.0000 Acc: 0.0000
Wed, 02 May 2018 20:35:53 train.py[line:29] INFO Epoch 3/29
Wed, 02 May 2018 20:35:53 train.py[line:30] INFO ----------
Wed, 02 May 2018 20:35:53 train.py[line:82] INFO train Loss: 0.0000 Acc: 0.0000
Wed, 02 May 2018 20:35:53 train.py[line:82] INFO val Loss: 0.0000 Acc: 0.0000
Wed, 02 May 2018 20:35:53 train.py[line:29] INFO Epoch 4/29
Wed, 02 May 2018 20:35:53 train.py[line:30] INFO ----------
Wed, 02 May 2018 20:35:53 train.py[line:82] INFO train Loss: 0.0000 Acc: 0.0000
Wed, 02 May 2018 20:35:53 train.py[line:82] INFO val Loss: 0.0000 Acc: 0.0000
Wed, 02 May 2018 20:35:53 train.py[line:29] INFO Epoch 5/29
Wed, 02 May 2018 20:35:53 train.py[line:30] INFO ----------
Wed, 02 May 2018 20:35:53 train.py[line:82] INFO train Loss: 0.0000 Acc: 0.0000
Wed, 02 May 2018 20:35:53 train.py[line:82] INFO val Loss: 0.0000 Acc: 0.0000
Wed, 02 May 2018 20:35:53 train.py[line:29] INFO Epoch 6/29
Wed, 02 May 2018 20:35:53 train.py[line:30] INFO ----------
Wed, 02 May 2018 20:35:53 train.py[line:82] INFO train Loss: 0.0000 Acc: 0.0000
Wed, 02 May 2018 20:35:53 train.py[line:82] INFO val Loss: 0.0000 Acc: 0.0000
Wed, 02 May 2018 20:35:53 train.py[line:29] INFO Epoch 7/29
Wed, 02 May 2018 20:35:53 train.py[line:30] INFO ----------
Wed, 02 May 2018 20:35:53 train.py[line:82] INFO train Loss: 0.0000 Acc: 0.0000
Wed, 02 May 2018 20:35:53 train.py[line:82] INFO val Loss: 0.0000 Acc: 0.0000
Wed, 02 May 2018 20:35:53 train.py[line:29] INFO Epoch 8/29
Wed, 02 May 2018 20:35:53 train.py[line:30] INFO ----------
Wed, 02 May 2018 20:35:53 train.py[line:82] INFO train Loss: 0.0000 Acc: 0.0000
Wed, 02 May 2018 20:35:53 train.py[line:82] INFO val Loss: 0.0000 Acc: 0.0000
Wed, 02 May 2018 20:35:53 train.py[line:29] INFO Epoch 9/29
Wed, 02 May 2018 20:35:53 train.py[line:30] INFO ----------
Wed, 02 May 2018 20:35:53 train.py[line:82] INFO train Loss: 0.0000 Acc: 0.0000
Wed, 02 May 2018 20:35:53 train.py[line:82] INFO val Loss: 0.0000 Acc: 0.0000
Wed, 02 May 2018 20:35:53 train.py[line:29] INFO Epoch 10/29
Wed, 02 May 2018 20:35:53 train.py[line:30] INFO ----------
Wed, 02 May 2018 20:35:53 train.py[line:82] INFO train Loss: 0.0000 Acc: 0.0000
Wed, 02 May 2018 20:35:53 train.py[line:82] INFO val Loss: 0.0000 Acc: 0.0000
Wed, 02 May 2018 20:35:53 train.py[line:29] INFO Epoch 11/29
Wed, 02 May 2018 20:35:53 train.py[line:30] INFO ----------
Wed, 02 May 2018 20:35:53 train.py[line:82] INFO train Loss: 0.0000 Acc: 0.0000
Wed, 02 May 2018 20:35:53 train.py[line:82] INFO val Loss: 0.0000 Acc: 0.0000
Wed, 02 May 2018 20:35:53 train.py[line:29] INFO Epoch 12/29
Wed, 02 May 2018 20:35:53 train.py[line:30] INFO ----------
Wed, 02 May 2018 20:35:53 train.py[line:82] INFO train Loss: 0.0000 Acc: 0.0000
Wed, 02 May 2018 20:35:53 train.py[line:82] INFO val Loss: 0.0000 Acc: 0.0000
Wed, 02 May 2018 20:35:53 train.py[line:29] INFO Epoch 13/29
Wed, 02 May 2018 20:35:53 train.py[line:30] INFO ----------
Wed, 02 May 2018 20:35:53 train.py[line:82] INFO train Loss: 0.0000 Acc: 0.0000
Wed, 02 May 2018 20:35:53 train.py[line:82] INFO val Loss: 0.0000 Acc: 0.0000
Wed, 02 May 2018 20:35:53 train.py[line:29] INFO Epoch 14/29
Wed, 02 May 2018 20:35:53 train.py[line:30] INFO ----------
Wed, 02 May 2018 20:35:53 train.py[line:82] INFO train Loss: 0.0000 Acc: 0.0000
Wed, 02 May 2018 20:35:53 train.py[line:82] INFO val Loss: 0.0000 Acc: 0.0000
Wed, 02 May 2018 20:35:53 train.py[line:29] INFO Epoch 15/29
Wed, 02 May 2018 20:35:53 train.py[line:30] INFO ----------
Wed, 02 May 2018 20:35:53 train.py[line:82] INFO train Loss: 0.0000 Acc: 0.0000
Wed, 02 May 2018 20:35:53 train.py[line:82] INFO val Loss: 0.0000 Acc: 0.0000
Wed, 02 May 2018 20:35:53 train.py[line:29] INFO Epoch 16/29
Wed, 02 May 2018 20:35:53 train.py[line:30] INFO ----------
Wed, 02 May 2018 20:35:53 train.py[line:82] INFO train Loss: 0.0000 Acc: 0.0000
Wed, 02 May 2018 20:35:53 train.py[line:82] INFO val Loss: 0.0000 Acc: 0.0000
Wed, 02 May 2018 20:35:53 train.py[line:29] INFO Epoch 17/29
Wed, 02 May 2018 20:35:53 train.py[line:30] INFO ----------
Wed, 02 May 2018 20:35:53 train.py[line:82] INFO train Loss: 0.0000 Acc: 0.0000
Wed, 02 May 2018 20:35:53 train.py[line:82] INFO val Loss: 0.0000 Acc: 0.0000
Wed, 02 May 2018 20:35:53 train.py[line:29] INFO Epoch 18/29
Wed, 02 May 2018 20:35:53 train.py[line:30] INFO ----------
Wed, 02 May 2018 20:35:53 train.py[line:82] INFO train Loss: 0.0000 Acc: 0.0000
Wed, 02 May 2018 20:35:53 train.py[line:82] INFO val Loss: 0.0000 Acc: 0.0000
Wed, 02 May 2018 20:35:53 train.py[line:29] INFO Epoch 19/29
Wed, 02 May 2018 20:35:53 train.py[line:30] INFO ----------
Wed, 02 May 2018 20:35:53 train.py[line:82] INFO train Loss: 0.0000 Acc: 0.0000
Wed, 02 May 2018 20:35:53 train.py[line:82] INFO val Loss: 0.0000 Acc: 0.0000
Wed, 02 May 2018 20:35:53 train.py[line:29] INFO Epoch 20/29
Wed, 02 May 2018 20:35:53 train.py[line:30] INFO ----------
Wed, 02 May 2018 20:35:53 train.py[line:82] INFO train Loss: 0.0000 Acc: 0.0000
Wed, 02 May 2018 20:35:53 train.py[line:82] INFO val Loss: 0.0000 Acc: 0.0000
Wed, 02 May 2018 20:35:53 train.py[line:29] INFO Epoch 21/29
Wed, 02 May 2018 20:35:53 train.py[line:30] INFO ----------
Wed, 02 May 2018 20:35:53 train.py[line:82] INFO train Loss: 0.0000 Acc: 0.0000
Wed, 02 May 2018 20:35:53 train.py[line:82] INFO val Loss: 0.0000 Acc: 0.0000
Wed, 02 May 2018 20:35:53 train.py[line:29] INFO Epoch 22/29
Wed, 02 May 2018 20:35:53 train.py[line:30] INFO ----------
Wed, 02 May 2018 20:35:53 train.py[line:82] INFO train Loss: 0.0000 Acc: 0.0000
Wed, 02 May 2018 20:35:53 train.py[line:82] INFO val Loss: 0.0000 Acc: 0.0000
Wed, 02 May 2018 20:35:53 train.py[line:29] INFO Epoch 23/29
Wed, 02 May 2018 20:35:53 train.py[line:30] INFO ----------
Wed, 02 May 2018 20:35:53 train.py[line:82] INFO train Loss: 0.0000 Acc: 0.0000
Wed, 02 May 2018 20:35:53 train.py[line:82] INFO val Loss: 0.0000 Acc: 0.0000
Wed, 02 May 2018 20:35:53 train.py[line:29] INFO Epoch 24/29
Wed, 02 May 2018 20:35:53 train.py[line:30] INFO ----------
Wed, 02 May 2018 20:35:53 train.py[line:82] INFO train Loss: 0.0000 Acc: 0.0000
Wed, 02 May 2018 20:35:53 train.py[line:82] INFO val Loss: 0.0000 Acc: 0.0000
Wed, 02 May 2018 20:35:53 train.py[line:29] INFO Epoch 25/29
Wed, 02 May 2018 20:35:53 train.py[line:30] INFO ----------
Wed, 02 May 2018 20:35:53 train.py[line:82] INFO train Loss: 0.0000 Acc: 0.0000
Wed, 02 May 2018 20:35:53 train.py[line:82] INFO val Loss: 0.0000 Acc: 0.0000
Wed, 02 May 2018 20:35:53 train.py[line:29] INFO Epoch 26/29
Wed, 02 May 2018 20:35:53 train.py[line:30] INFO ----------
Wed, 02 May 2018 20:35:53 train.py[line:82] INFO train Loss: 0.0000 Acc: 0.0000
Wed, 02 May 2018 20:35:53 train.py[line:82] INFO val Loss: 0.0000 Acc: 0.0000
Wed, 02 May 2018 20:35:53 train.py[line:29] INFO Epoch 27/29
Wed, 02 May 2018 20:35:53 train.py[line:30] INFO ----------
Wed, 02 May 2018 20:35:53 train.py[line:82] INFO train Loss: 0.0000 Acc: 0.0000
Wed, 02 May 2018 20:35:53 train.py[line:82] INFO val Loss: 0.0000 Acc: 0.0000
Wed, 02 May 2018 20:35:53 train.py[line:29] INFO Epoch 28/29
Wed, 02 May 2018 20:35:53 train.py[line:30] INFO ----------
Wed, 02 May 2018 20:35:53 train.py[line:82] INFO train Loss: 0.0000 Acc: 0.0000
Wed, 02 May 2018 20:35:53 train.py[line:82] INFO val Loss: 0.0000 Acc: 0.0000
Wed, 02 May 2018 20:35:53 train.py[line:29] INFO Epoch 29/29
Wed, 02 May 2018 20:35:53 train.py[line:30] INFO ----------
Wed, 02 May 2018 20:35:53 train.py[line:82] INFO train Loss: 0.0000 Acc: 0.0000
Wed, 02 May 2018 20:35:53 train.py[line:82] INFO val Loss: 0.0000 Acc: 0.0000
Wed, 02 May 2018 20:36:00 train.py[line:116] INFO Training complete in 0m 11s
Wed, 02 May 2018 20:36:00 train.py[line:118] INFO Best val Acc: 0.000000
Wed, 02 May 2018 20:36:26 train.py[line:29] INFO Epoch 0/29
Wed, 02 May 2018 20:36:26 train.py[line:30] INFO ----------
Wed, 02 May 2018 20:36:39 train.py[line:82] INFO train Loss: 0.0455 Acc: 0.0000
Wed, 02 May 2018 20:36:44 train.py[line:82] INFO val Loss: 267.1905 Acc: 0.0000
Wed, 02 May 2018 20:36:44 train.py[line:29] INFO Epoch 1/29
Wed, 02 May 2018 20:36:44 train.py[line:30] INFO ----------
Wed, 02 May 2018 20:36:44 train.py[line:82] INFO train Loss: 0.0000 Acc: 0.0000
Wed, 02 May 2018 20:36:44 train.py[line:82] INFO val Loss: 0.0000 Acc: 0.0000
Wed, 02 May 2018 20:36:44 train.py[line:29] INFO Epoch 2/29
Wed, 02 May 2018 20:36:44 train.py[line:30] INFO ----------
Wed, 02 May 2018 20:36:44 train.py[line:82] INFO train Loss: 0.0000 Acc: 0.0000
Wed, 02 May 2018 20:36:44 train.py[line:82] INFO val Loss: 0.0000 Acc: 0.0000
Wed, 02 May 2018 20:36:44 train.py[line:29] INFO Epoch 3/29
Wed, 02 May 2018 20:36:44 train.py[line:30] INFO ----------
Wed, 02 May 2018 20:36:44 train.py[line:82] INFO train Loss: 0.0000 Acc: 0.0000
Wed, 02 May 2018 20:36:44 train.py[line:82] INFO val Loss: 0.0000 Acc: 0.0000
Wed, 02 May 2018 20:36:44 train.py[line:29] INFO Epoch 4/29
Wed, 02 May 2018 20:36:44 train.py[line:30] INFO ----------
Wed, 02 May 2018 20:36:44 train.py[line:82] INFO train Loss: 0.0000 Acc: 0.0000
Wed, 02 May 2018 20:36:44 train.py[line:82] INFO val Loss: 0.0000 Acc: 0.0000
Wed, 02 May 2018 20:36:44 train.py[line:29] INFO Epoch 5/29
Wed, 02 May 2018 20:36:44 train.py[line:30] INFO ----------
Wed, 02 May 2018 20:36:44 train.py[line:82] INFO train Loss: 0.0000 Acc: 0.0000
Wed, 02 May 2018 20:36:44 train.py[line:82] INFO val Loss: 0.0000 Acc: 0.0000
Wed, 02 May 2018 20:36:44 train.py[line:29] INFO Epoch 6/29
Wed, 02 May 2018 20:36:44 train.py[line:30] INFO ----------
Wed, 02 May 2018 20:36:44 train.py[line:82] INFO train Loss: 0.0000 Acc: 0.0000
Wed, 02 May 2018 20:36:44 train.py[line:82] INFO val Loss: 0.0000 Acc: 0.0000
Wed, 02 May 2018 20:36:44 train.py[line:29] INFO Epoch 7/29
Wed, 02 May 2018 20:36:44 train.py[line:30] INFO ----------
Wed, 02 May 2018 20:36:44 train.py[line:82] INFO train Loss: 0.0000 Acc: 0.0000
Wed, 02 May 2018 20:36:44 train.py[line:82] INFO val Loss: 0.0000 Acc: 0.0000
Wed, 02 May 2018 20:36:44 train.py[line:29] INFO Epoch 8/29
Wed, 02 May 2018 20:36:44 train.py[line:30] INFO ----------
Wed, 02 May 2018 20:36:44 train.py[line:82] INFO train Loss: 0.0000 Acc: 0.0000
Wed, 02 May 2018 20:36:44 train.py[line:82] INFO val Loss: 0.0000 Acc: 0.0000
Wed, 02 May 2018 20:36:44 train.py[line:29] INFO Epoch 9/29
Wed, 02 May 2018 20:36:44 train.py[line:30] INFO ----------
Wed, 02 May 2018 20:36:44 train.py[line:82] INFO train Loss: 0.0000 Acc: 0.0000
Wed, 02 May 2018 20:36:44 train.py[line:82] INFO val Loss: 0.0000 Acc: 0.0000
Wed, 02 May 2018 20:36:44 train.py[line:29] INFO Epoch 10/29
Wed, 02 May 2018 20:36:44 train.py[line:30] INFO ----------
Wed, 02 May 2018 20:36:44 train.py[line:82] INFO train Loss: 0.0000 Acc: 0.0000
Wed, 02 May 2018 20:36:44 train.py[line:82] INFO val Loss: 0.0000 Acc: 0.0000
Wed, 02 May 2018 20:36:44 train.py[line:29] INFO Epoch 11/29
Wed, 02 May 2018 20:36:44 train.py[line:30] INFO ----------
Wed, 02 May 2018 20:36:44 train.py[line:82] INFO train Loss: 0.0000 Acc: 0.0000
Wed, 02 May 2018 20:36:44 train.py[line:82] INFO val Loss: 0.0000 Acc: 0.0000
Wed, 02 May 2018 20:36:44 train.py[line:29] INFO Epoch 12/29
Wed, 02 May 2018 20:36:44 train.py[line:30] INFO ----------
Wed, 02 May 2018 20:36:44 train.py[line:82] INFO train Loss: 0.0000 Acc: 0.0000
Wed, 02 May 2018 20:36:44 train.py[line:82] INFO val Loss: 0.0000 Acc: 0.0000
Wed, 02 May 2018 20:36:44 train.py[line:29] INFO Epoch 13/29
Wed, 02 May 2018 20:36:44 train.py[line:30] INFO ----------
Wed, 02 May 2018 20:36:44 train.py[line:82] INFO train Loss: 0.0000 Acc: 0.0000
Wed, 02 May 2018 20:36:44 train.py[line:82] INFO val Loss: 0.0000 Acc: 0.0000
Wed, 02 May 2018 20:36:44 train.py[line:29] INFO Epoch 14/29
Wed, 02 May 2018 20:36:44 train.py[line:30] INFO ----------
Wed, 02 May 2018 20:36:44 train.py[line:82] INFO train Loss: 0.0000 Acc: 0.0000
Wed, 02 May 2018 20:36:44 train.py[line:82] INFO val Loss: 0.0000 Acc: 0.0000
Wed, 02 May 2018 20:36:44 train.py[line:29] INFO Epoch 15/29
Wed, 02 May 2018 20:36:44 train.py[line:30] INFO ----------
Wed, 02 May 2018 20:36:44 train.py[line:82] INFO train Loss: 0.0000 Acc: 0.0000
Wed, 02 May 2018 20:36:44 train.py[line:82] INFO val Loss: 0.0000 Acc: 0.0000
Wed, 02 May 2018 20:36:44 train.py[line:29] INFO Epoch 16/29
Wed, 02 May 2018 20:36:44 train.py[line:30] INFO ----------
Wed, 02 May 2018 20:36:44 train.py[line:82] INFO train Loss: 0.0000 Acc: 0.0000
Wed, 02 May 2018 20:36:44 train.py[line:82] INFO val Loss: 0.0000 Acc: 0.0000
Wed, 02 May 2018 20:36:44 train.py[line:29] INFO Epoch 17/29
Wed, 02 May 2018 20:36:44 train.py[line:30] INFO ----------
Wed, 02 May 2018 20:36:44 train.py[line:82] INFO train Loss: 0.0000 Acc: 0.0000
Wed, 02 May 2018 20:36:44 train.py[line:82] INFO val Loss: 0.0000 Acc: 0.0000
Wed, 02 May 2018 20:36:44 train.py[line:29] INFO Epoch 18/29
Wed, 02 May 2018 20:36:44 train.py[line:30] INFO ----------
Wed, 02 May 2018 20:36:44 train.py[line:82] INFO train Loss: 0.0000 Acc: 0.0000
Wed, 02 May 2018 20:36:44 train.py[line:82] INFO val Loss: 0.0000 Acc: 0.0000
Wed, 02 May 2018 20:36:44 train.py[line:29] INFO Epoch 19/29
Wed, 02 May 2018 20:36:44 train.py[line:30] INFO ----------
Wed, 02 May 2018 20:36:44 train.py[line:82] INFO train Loss: 0.0000 Acc: 0.0000
Wed, 02 May 2018 20:36:44 train.py[line:82] INFO val Loss: 0.0000 Acc: 0.0000
Wed, 02 May 2018 20:36:44 train.py[line:29] INFO Epoch 20/29
Wed, 02 May 2018 20:36:44 train.py[line:30] INFO ----------
Wed, 02 May 2018 20:36:44 train.py[line:82] INFO train Loss: 0.0000 Acc: 0.0000
Wed, 02 May 2018 20:36:44 train.py[line:82] INFO val Loss: 0.0000 Acc: 0.0000
Wed, 02 May 2018 20:36:44 train.py[line:29] INFO Epoch 21/29
Wed, 02 May 2018 20:36:44 train.py[line:30] INFO ----------
Wed, 02 May 2018 20:36:44 train.py[line:82] INFO train Loss: 0.0000 Acc: 0.0000
Wed, 02 May 2018 20:36:44 train.py[line:82] INFO val Loss: 0.0000 Acc: 0.0000
Wed, 02 May 2018 20:36:44 train.py[line:29] INFO Epoch 22/29
Wed, 02 May 2018 20:36:44 train.py[line:30] INFO ----------
Wed, 02 May 2018 20:36:44 train.py[line:82] INFO train Loss: 0.0000 Acc: 0.0000
Wed, 02 May 2018 20:36:44 train.py[line:82] INFO val Loss: 0.0000 Acc: 0.0000
Wed, 02 May 2018 20:36:44 train.py[line:29] INFO Epoch 23/29
Wed, 02 May 2018 20:36:44 train.py[line:30] INFO ----------
Wed, 02 May 2018 20:36:44 train.py[line:82] INFO train Loss: 0.0000 Acc: 0.0000
Wed, 02 May 2018 20:36:44 train.py[line:82] INFO val Loss: 0.0000 Acc: 0.0000
Wed, 02 May 2018 20:36:44 train.py[line:29] INFO Epoch 24/29
Wed, 02 May 2018 20:36:44 train.py[line:30] INFO ----------
Wed, 02 May 2018 20:36:44 train.py[line:82] INFO train Loss: 0.0000 Acc: 0.0000
Wed, 02 May 2018 20:36:44 train.py[line:82] INFO val Loss: 0.0000 Acc: 0.0000
Wed, 02 May 2018 20:36:44 train.py[line:29] INFO Epoch 25/29
Wed, 02 May 2018 20:36:44 train.py[line:30] INFO ----------
Wed, 02 May 2018 20:36:44 train.py[line:82] INFO train Loss: 0.0000 Acc: 0.0000
Wed, 02 May 2018 20:36:44 train.py[line:82] INFO val Loss: 0.0000 Acc: 0.0000
Wed, 02 May 2018 20:36:44 train.py[line:29] INFO Epoch 26/29
Wed, 02 May 2018 20:36:44 train.py[line:30] INFO ----------
Wed, 02 May 2018 20:36:44 train.py[line:82] INFO train Loss: 0.0000 Acc: 0.0000
Wed, 02 May 2018 20:36:44 train.py[line:82] INFO val Loss: 0.0000 Acc: 0.0000
Wed, 02 May 2018 20:36:44 train.py[line:29] INFO Epoch 27/29
Wed, 02 May 2018 20:36:44 train.py[line:30] INFO ----------
Wed, 02 May 2018 20:36:44 train.py[line:82] INFO train Loss: 0.0000 Acc: 0.0000
Wed, 02 May 2018 20:36:44 train.py[line:82] INFO val Loss: 0.0000 Acc: 0.0000
Wed, 02 May 2018 20:36:44 train.py[line:29] INFO Epoch 28/29
Wed, 02 May 2018 20:36:44 train.py[line:30] INFO ----------
Wed, 02 May 2018 20:36:44 train.py[line:82] INFO train Loss: 0.0000 Acc: 0.0000
Wed, 02 May 2018 20:36:44 train.py[line:82] INFO val Loss: 0.0000 Acc: 0.0000
Wed, 02 May 2018 20:36:44 train.py[line:29] INFO Epoch 29/29
Wed, 02 May 2018 20:36:44 train.py[line:30] INFO ----------
Wed, 02 May 2018 20:36:44 train.py[line:82] INFO train Loss: 0.0000 Acc: 0.0000
Wed, 02 May 2018 20:36:44 train.py[line:82] INFO val Loss: 0.0000 Acc: 0.0000
Wed, 02 May 2018 20:36:51 train.py[line:116] INFO Training complete in 0m 25s
Wed, 02 May 2018 20:36:51 train.py[line:118] INFO Best val Acc: 0.000000
Wed, 02 May 2018 20:39:48 train.py[line:29] INFO Epoch 0/29
Wed, 02 May 2018 20:39:48 train.py[line:30] INFO ----------
Wed, 02 May 2018 20:40:01 train.py[line:82] INFO train Loss: 0.0473 Acc: 0.0000
Wed, 02 May 2018 20:40:06 train.py[line:82] INFO val Loss: 66.0108 Acc: 0.0000
Wed, 02 May 2018 20:40:06 train.py[line:29] INFO Epoch 1/29
Wed, 02 May 2018 20:40:06 train.py[line:30] INFO ----------
Wed, 02 May 2018 20:43:05 train.py[line:29] INFO Epoch 0/29
Wed, 02 May 2018 20:43:05 train.py[line:30] INFO ----------
Wed, 02 May 2018 20:43:18 train.py[line:82] INFO train Loss: 0.0490 Acc: 0.0013
Wed, 02 May 2018 20:43:23 train.py[line:82] INFO val Loss: 23.4348 Acc: 0.0050
Wed, 02 May 2018 20:43:23 train.py[line:29] INFO Epoch 1/29
Wed, 02 May 2018 20:43:23 train.py[line:30] INFO ----------
Wed, 02 May 2018 20:50:39 train.py[line:29] INFO Epoch 0/29
Wed, 02 May 2018 20:50:39 train.py[line:30] INFO ----------
Wed, 02 May 2018 20:50:53 train.py[line:83] INFO train Loss: 0.0497 Acc: 0.0000
Wed, 02 May 2018 20:50:58 train.py[line:83] INFO val Loss: 10.7160 Acc: 0.0000
Wed, 02 May 2018 20:50:58 train.py[line:29] INFO Epoch 1/29
Wed, 02 May 2018 20:50:58 train.py[line:30] INFO ----------
Wed, 02 May 2018 20:53:30 train.py[line:28] INFO Epoch 0/29
Wed, 02 May 2018 20:53:30 train.py[line:29] INFO ----------
Wed, 02 May 2018 20:53:43 train.py[line:81] INFO train Loss: 0.0480 Acc: 0.0000
Wed, 02 May 2018 20:53:48 train.py[line:81] INFO val Loss: 27.6066 Acc: 0.0050
Wed, 02 May 2018 20:53:48 train.py[line:28] INFO Epoch 1/29
Wed, 02 May 2018 20:53:48 train.py[line:29] INFO ----------
Wed, 02 May 2018 20:54:31 train.py[line:28] INFO Epoch 0/3
Wed, 02 May 2018 20:54:31 train.py[line:29] INFO ----------
Wed, 02 May 2018 20:54:45 train.py[line:81] INFO train Loss: 0.0502 Acc: 0.0000
Wed, 02 May 2018 20:54:50 train.py[line:81] INFO val Loss: 8.2857 Acc: 0.0050
Wed, 02 May 2018 20:54:50 train.py[line:28] INFO Epoch 1/3
Wed, 02 May 2018 20:54:50 train.py[line:29] INFO ----------
Wed, 02 May 2018 20:55:03 train.py[line:81] INFO train Loss: 0.0377 Acc: 0.0013
Wed, 02 May 2018 20:55:08 train.py[line:81] INFO val Loss: 3.0530 Acc: 0.0000
Wed, 02 May 2018 20:55:08 train.py[line:28] INFO Epoch 2/3
Wed, 02 May 2018 20:55:08 train.py[line:29] INFO ----------
Wed, 02 May 2018 20:55:21 train.py[line:81] INFO train Loss: 0.0120 Acc: 0.0025
Wed, 02 May 2018 20:55:26 train.py[line:81] INFO val Loss: 0.8161 Acc: 0.0050
Wed, 02 May 2018 20:55:26 train.py[line:28] INFO Epoch 3/3
Wed, 02 May 2018 20:55:26 train.py[line:29] INFO ----------
Wed, 02 May 2018 20:55:39 train.py[line:81] INFO train Loss: 0.0260 Acc: 0.0013
Wed, 02 May 2018 20:55:43 train.py[line:81] INFO val Loss: 0.6802 Acc: 0.0050
Wed, 02 May 2018 20:57:48 train.py[line:115] INFO Training complete in 3m 16s
Wed, 02 May 2018 20:57:48 train.py[line:117] INFO Best val Acc: 0.005000
